2025-04-16 23:39:36,704 - ERROR - [ERROR] 提取文本失败: [Errno 2] No such file or directory: '../data/esg_reports_pdf/Eli Lilly and Company_2020_esg.pdf'
2025-04-16 23:41:20,298 - INFO - [✅] 成功提取：Eli Lilly and Company_2020_esg
2025-04-16 23:41:20,298 - INFO - [📄] 文本输出至：D:\其他\Project5105\strc\data\esg_extract_txt\Eli Lilly and Company_2020_esg_text.txt
2025-04-16 23:41:20,298 - INFO - [📊] 表格输出至：D:\其他\Project5105\strc\data\esg_extract_table\Eli Lilly and Company_2020_esg_tables.json
2025-04-17 00:42:08,130 - INFO - [✅] 成功提取：Eli Lilly and Company_2019_esg
2025-04-17 00:42:08,130 - INFO - [📄] 文本输出至：D:\其他\Project5105\strc\data\esg_extract_text_txt\Eli Lilly and Company_2019_esg_text.txt
2025-04-17 00:42:08,130 - INFO - [📊] 表格输出至：D:\其他\Project5105\strc\data\esg_extract_table_json\Eli Lilly and Company_2019_esg_tables.json
2025-04-17 00:53:31,997 - INFO - [✅] 成功提取：Eli Lilly and Company_2019_esg
2025-04-17 00:53:31,997 - INFO - [📄] 文本输出至：D:\其他\Project5105\strc\data\esg_extract_text_txt\Eli Lilly and Company_2019_esg_text.txt
2025-04-17 00:53:31,997 - INFO - [📊] 表格输出至：D:\其他\Project5105\strc\data\esg_extract_table_json\Eli Lilly and Company_2019_esg_tables.json
2025-04-17 00:54:50,221 - INFO - [✅] 成功提取：Eli Lilly and Company_2019_esg
2025-04-17 00:54:50,221 - INFO - [📄] 文本输出至：D:\其他\Project5105\data\esg_extract_text_txt\Eli Lilly and Company_2019_esg_text.txt
2025-04-17 00:54:50,221 - INFO - [📊] 表格输出至：D:\其他\Project5105\data\esg_extract_table_json\Eli Lilly and Company_2019_esg_tables.json
2025-04-17 02:45:24,764 - WARNING - CropBox missing from /Page, defaulting to MediaBox
2025-04-17 02:45:24,765 - WARNING - CropBox missing from /Page, defaulting to MediaBox
2025-04-17 02:45:24,765 - WARNING - CropBox missing from /Page, defaulting to MediaBox
2025-04-17 02:45:24,766 - WARNING - CropBox missing from /Page, defaulting to MediaBox
2025-04-17 02:45:24,767 - WARNING - CropBox missing from /Page, defaulting to MediaBox
2025-04-17 02:45:24,768 - WARNING - CropBox missing from /Page, defaulting to MediaBox
2025-04-17 02:45:24,768 - WARNING - CropBox missing from /Page, defaulting to MediaBox
2025-04-17 02:45:24,769 - WARNING - CropBox missing from /Page, defaulting to MediaBox
2025-04-17 02:45:24,769 - WARNING - CropBox missing from /Page, defaulting to MediaBox
2025-04-17 02:45:24,770 - WARNING - CropBox missing from /Page, defaulting to MediaBox
2025-04-17 02:45:24,771 - WARNING - CropBox missing from /Page, defaulting to MediaBox
2025-04-17 02:45:24,771 - WARNING - CropBox missing from /Page, defaulting to MediaBox
2025-04-17 02:45:24,772 - WARNING - CropBox missing from /Page, defaulting to MediaBox
2025-04-17 02:45:24,772 - WARNING - CropBox missing from /Page, defaulting to MediaBox
2025-04-17 02:45:24,773 - WARNING - CropBox missing from /Page, defaulting to MediaBox
2025-04-17 02:45:24,773 - WARNING - CropBox missing from /Page, defaulting to MediaBox
2025-04-17 02:45:24,774 - WARNING - CropBox missing from /Page, defaulting to MediaBox
2025-04-17 02:45:24,774 - WARNING - CropBox missing from /Page, defaulting to MediaBox
2025-04-17 02:45:24,775 - WARNING - CropBox missing from /Page, defaulting to MediaBox
2025-04-17 02:45:24,775 - WARNING - CropBox missing from /Page, defaulting to MediaBox
2025-04-17 02:45:24,775 - WARNING - CropBox missing from /Page, defaulting to MediaBox
2025-04-17 02:45:24,776 - WARNING - CropBox missing from /Page, defaulting to MediaBox
2025-04-17 02:45:24,777 - WARNING - CropBox missing from /Page, defaulting to MediaBox
2025-04-17 02:45:24,777 - WARNING - CropBox missing from /Page, defaulting to MediaBox
2025-04-17 02:45:24,778 - WARNING - CropBox missing from /Page, defaulting to MediaBox
2025-04-17 02:45:24,779 - WARNING - CropBox missing from /Page, defaulting to MediaBox
2025-04-17 02:45:24,779 - WARNING - CropBox missing from /Page, defaulting to MediaBox
2025-04-17 02:45:24,780 - WARNING - CropBox missing from /Page, defaulting to MediaBox
2025-04-17 02:45:24,780 - WARNING - CropBox missing from /Page, defaulting to MediaBox
2025-04-17 02:45:24,781 - WARNING - CropBox missing from /Page, defaulting to MediaBox
2025-04-17 02:45:24,781 - WARNING - CropBox missing from /Page, defaulting to MediaBox
2025-04-17 02:45:24,782 - WARNING - CropBox missing from /Page, defaulting to MediaBox
2025-04-17 02:45:24,782 - WARNING - CropBox missing from /Page, defaulting to MediaBox
2025-04-17 02:45:24,783 - WARNING - CropBox missing from /Page, defaulting to MediaBox
2025-04-17 02:45:24,783 - WARNING - CropBox missing from /Page, defaulting to MediaBox
2025-04-17 02:45:24,784 - WARNING - CropBox missing from /Page, defaulting to MediaBox
2025-04-17 02:45:24,785 - WARNING - CropBox missing from /Page, defaulting to MediaBox
2025-04-17 02:45:24,785 - WARNING - CropBox missing from /Page, defaulting to MediaBox
2025-04-17 02:45:24,787 - WARNING - CropBox missing from /Page, defaulting to MediaBox
2025-04-17 02:45:24,787 - WARNING - CropBox missing from /Page, defaulting to MediaBox
2025-04-17 02:45:24,788 - WARNING - CropBox missing from /Page, defaulting to MediaBox
2025-04-17 02:45:24,788 - WARNING - CropBox missing from /Page, defaulting to MediaBox
2025-04-17 02:45:24,789 - WARNING - CropBox missing from /Page, defaulting to MediaBox
2025-04-17 02:45:24,789 - WARNING - CropBox missing from /Page, defaulting to MediaBox
2025-04-17 02:45:24,790 - WARNING - CropBox missing from /Page, defaulting to MediaBox
2025-04-17 02:45:24,791 - WARNING - CropBox missing from /Page, defaulting to MediaBox
2025-04-17 02:45:24,791 - WARNING - CropBox missing from /Page, defaulting to MediaBox
2025-04-17 02:45:24,792 - WARNING - CropBox missing from /Page, defaulting to MediaBox
2025-04-17 02:45:24,792 - WARNING - CropBox missing from /Page, defaulting to MediaBox
2025-04-17 02:45:24,793 - WARNING - CropBox missing from /Page, defaulting to MediaBox
2025-04-17 02:45:24,794 - WARNING - CropBox missing from /Page, defaulting to MediaBox
2025-04-17 02:45:24,794 - WARNING - CropBox missing from /Page, defaulting to MediaBox
2025-04-17 02:45:24,794 - WARNING - CropBox missing from /Page, defaulting to MediaBox
2025-04-17 02:45:24,795 - WARNING - CropBox missing from /Page, defaulting to MediaBox
2025-04-17 02:45:24,795 - WARNING - CropBox missing from /Page, defaulting to MediaBox
2025-04-17 02:45:24,796 - WARNING - CropBox missing from /Page, defaulting to MediaBox
2025-04-17 02:45:24,796 - WARNING - CropBox missing from /Page, defaulting to MediaBox
2025-04-17 02:45:24,797 - WARNING - CropBox missing from /Page, defaulting to MediaBox
2025-04-17 02:45:24,798 - WARNING - CropBox missing from /Page, defaulting to MediaBox
2025-04-17 02:45:24,798 - WARNING - CropBox missing from /Page, defaulting to MediaBox
2025-04-17 02:45:24,799 - WARNING - CropBox missing from /Page, defaulting to MediaBox
2025-04-17 02:45:24,799 - WARNING - CropBox missing from /Page, defaulting to MediaBox
2025-04-17 02:45:24,800 - WARNING - CropBox missing from /Page, defaulting to MediaBox
2025-04-17 02:45:24,800 - WARNING - CropBox missing from /Page, defaulting to MediaBox
2025-04-17 02:45:24,801 - WARNING - CropBox missing from /Page, defaulting to MediaBox
2025-04-17 02:45:24,802 - WARNING - CropBox missing from /Page, defaulting to MediaBox
2025-04-17 02:45:24,802 - WARNING - CropBox missing from /Page, defaulting to MediaBox
2025-04-17 02:45:24,802 - WARNING - CropBox missing from /Page, defaulting to MediaBox
2025-04-17 02:45:24,804 - WARNING - CropBox missing from /Page, defaulting to MediaBox
2025-04-17 02:45:24,805 - WARNING - CropBox missing from /Page, defaulting to MediaBox
2025-04-17 02:45:24,805 - WARNING - CropBox missing from /Page, defaulting to MediaBox
2025-04-17 02:45:34,679 - WARNING - CropBox missing from /Page, defaulting to MediaBox
2025-04-17 02:45:34,679 - WARNING - CropBox missing from /Page, defaulting to MediaBox
2025-04-17 02:45:34,679 - WARNING - CropBox missing from /Page, defaulting to MediaBox
2025-04-17 02:45:34,679 - WARNING - CropBox missing from /Page, defaulting to MediaBox
2025-04-17 02:45:34,679 - WARNING - CropBox missing from /Page, defaulting to MediaBox
2025-04-17 02:45:34,679 - WARNING - CropBox missing from /Page, defaulting to MediaBox
2025-04-17 02:45:34,679 - WARNING - CropBox missing from /Page, defaulting to MediaBox
2025-04-17 02:45:34,679 - WARNING - CropBox missing from /Page, defaulting to MediaBox
2025-04-17 02:45:34,679 - WARNING - CropBox missing from /Page, defaulting to MediaBox
2025-04-17 02:45:34,679 - WARNING - CropBox missing from /Page, defaulting to MediaBox
2025-04-17 02:45:34,679 - WARNING - CropBox missing from /Page, defaulting to MediaBox
2025-04-17 02:45:34,679 - WARNING - CropBox missing from /Page, defaulting to MediaBox
2025-04-17 02:45:34,679 - WARNING - CropBox missing from /Page, defaulting to MediaBox
2025-04-17 02:45:34,679 - WARNING - CropBox missing from /Page, defaulting to MediaBox
2025-04-17 02:45:34,679 - WARNING - CropBox missing from /Page, defaulting to MediaBox
2025-04-17 02:45:34,679 - WARNING - CropBox missing from /Page, defaulting to MediaBox
2025-04-17 02:45:34,679 - WARNING - CropBox missing from /Page, defaulting to MediaBox
2025-04-17 02:45:34,679 - WARNING - CropBox missing from /Page, defaulting to MediaBox
2025-04-17 02:45:34,680 - WARNING - CropBox missing from /Page, defaulting to MediaBox
2025-04-17 02:45:34,680 - WARNING - CropBox missing from /Page, defaulting to MediaBox
2025-04-17 02:45:34,680 - WARNING - CropBox missing from /Page, defaulting to MediaBox
2025-04-17 02:45:34,680 - WARNING - CropBox missing from /Page, defaulting to MediaBox
2025-04-17 02:45:34,680 - WARNING - CropBox missing from /Page, defaulting to MediaBox
2025-04-17 02:45:34,680 - WARNING - CropBox missing from /Page, defaulting to MediaBox
2025-04-17 02:45:34,680 - WARNING - CropBox missing from /Page, defaulting to MediaBox
2025-04-17 02:45:34,680 - WARNING - CropBox missing from /Page, defaulting to MediaBox
2025-04-17 02:45:34,680 - WARNING - CropBox missing from /Page, defaulting to MediaBox
2025-04-17 02:45:34,680 - WARNING - CropBox missing from /Page, defaulting to MediaBox
2025-04-17 02:45:34,680 - WARNING - CropBox missing from /Page, defaulting to MediaBox
2025-04-17 02:45:34,680 - WARNING - CropBox missing from /Page, defaulting to MediaBox
2025-04-17 02:45:34,680 - WARNING - CropBox missing from /Page, defaulting to MediaBox
2025-04-17 02:45:34,680 - WARNING - CropBox missing from /Page, defaulting to MediaBox
2025-04-17 02:45:34,680 - WARNING - CropBox missing from /Page, defaulting to MediaBox
2025-04-17 02:45:34,680 - WARNING - CropBox missing from /Page, defaulting to MediaBox
2025-04-17 02:45:34,680 - WARNING - CropBox missing from /Page, defaulting to MediaBox
2025-04-17 02:45:34,680 - WARNING - CropBox missing from /Page, defaulting to MediaBox
2025-04-17 02:45:34,680 - WARNING - CropBox missing from /Page, defaulting to MediaBox
2025-04-17 02:45:34,680 - WARNING - CropBox missing from /Page, defaulting to MediaBox
2025-04-17 02:45:34,680 - WARNING - CropBox missing from /Page, defaulting to MediaBox
2025-04-17 02:45:34,680 - WARNING - CropBox missing from /Page, defaulting to MediaBox
2025-04-17 02:45:34,680 - WARNING - CropBox missing from /Page, defaulting to MediaBox
2025-04-17 02:45:34,680 - WARNING - CropBox missing from /Page, defaulting to MediaBox
2025-04-17 02:45:34,680 - WARNING - CropBox missing from /Page, defaulting to MediaBox
2025-04-17 02:45:34,680 - WARNING - CropBox missing from /Page, defaulting to MediaBox
2025-04-17 02:45:34,682 - WARNING - CropBox missing from /Page, defaulting to MediaBox
2025-04-17 02:45:34,682 - WARNING - CropBox missing from /Page, defaulting to MediaBox
2025-04-17 02:45:34,682 - WARNING - CropBox missing from /Page, defaulting to MediaBox
2025-04-17 02:45:34,682 - WARNING - CropBox missing from /Page, defaulting to MediaBox
2025-04-17 02:45:34,682 - WARNING - CropBox missing from /Page, defaulting to MediaBox
2025-04-17 02:45:34,682 - WARNING - CropBox missing from /Page, defaulting to MediaBox
2025-04-17 02:45:34,682 - WARNING - CropBox missing from /Page, defaulting to MediaBox
2025-04-17 02:45:34,682 - WARNING - CropBox missing from /Page, defaulting to MediaBox
2025-04-17 02:45:34,682 - WARNING - CropBox missing from /Page, defaulting to MediaBox
2025-04-17 02:45:34,682 - WARNING - CropBox missing from /Page, defaulting to MediaBox
2025-04-17 02:45:34,682 - WARNING - CropBox missing from /Page, defaulting to MediaBox
2025-04-17 02:45:34,682 - WARNING - CropBox missing from /Page, defaulting to MediaBox
2025-04-17 02:45:34,682 - WARNING - CropBox missing from /Page, defaulting to MediaBox
2025-04-17 02:45:34,682 - WARNING - CropBox missing from /Page, defaulting to MediaBox
2025-04-17 02:45:34,682 - WARNING - CropBox missing from /Page, defaulting to MediaBox
2025-04-17 02:45:34,682 - WARNING - CropBox missing from /Page, defaulting to MediaBox
2025-04-17 02:45:34,682 - WARNING - CropBox missing from /Page, defaulting to MediaBox
2025-04-17 02:45:34,683 - WARNING - CropBox missing from /Page, defaulting to MediaBox
2025-04-17 02:45:34,683 - WARNING - CropBox missing from /Page, defaulting to MediaBox
2025-04-17 02:45:34,683 - WARNING - CropBox missing from /Page, defaulting to MediaBox
2025-04-17 02:45:34,683 - WARNING - CropBox missing from /Page, defaulting to MediaBox
2025-04-17 02:45:34,683 - WARNING - CropBox missing from /Page, defaulting to MediaBox
2025-04-17 02:45:34,683 - WARNING - CropBox missing from /Page, defaulting to MediaBox
2025-04-17 02:45:34,683 - WARNING - CropBox missing from /Page, defaulting to MediaBox
2025-04-17 02:45:34,683 - WARNING - CropBox missing from /Page, defaulting to MediaBox
2025-04-17 02:45:34,683 - WARNING - CropBox missing from /Page, defaulting to MediaBox
2025-04-17 02:45:34,683 - WARNING - CropBox missing from /Page, defaulting to MediaBox
2025-04-17 02:45:34,704 - WARNING - CropBox missing from /Page, defaulting to MediaBox
2025-04-17 02:45:34,732 - WARNING - CropBox missing from /Page, defaulting to MediaBox
2025-04-17 02:45:34,782 - WARNING - CropBox missing from /Page, defaulting to MediaBox
2025-04-17 02:45:34,890 - WARNING - CropBox missing from /Page, defaulting to MediaBox
2025-04-17 02:45:34,974 - WARNING - CropBox missing from /Page, defaulting to MediaBox
2025-04-17 02:45:35,005 - WARNING - CropBox missing from /Page, defaulting to MediaBox
2025-04-17 02:45:35,068 - WARNING - CropBox missing from /Page, defaulting to MediaBox
2025-04-17 02:45:35,130 - WARNING - CropBox missing from /Page, defaulting to MediaBox
2025-04-17 02:45:35,162 - WARNING - CropBox missing from /Page, defaulting to MediaBox
2025-04-17 02:45:35,636 - WARNING - CropBox missing from /Page, defaulting to MediaBox
2025-04-17 02:45:35,711 - WARNING - CropBox missing from /Page, defaulting to MediaBox
2025-04-17 02:45:36,051 - WARNING - CropBox missing from /Page, defaulting to MediaBox
2025-04-17 02:45:36,071 - WARNING - CropBox missing from /Page, defaulting to MediaBox
2025-04-17 02:45:36,348 - WARNING - CropBox missing from /Page, defaulting to MediaBox
2025-04-17 02:45:36,458 - WARNING - CropBox missing from /Page, defaulting to MediaBox
2025-04-17 02:45:36,672 - WARNING - CropBox missing from /Page, defaulting to MediaBox
2025-04-17 02:45:36,745 - WARNING - CropBox missing from /Page, defaulting to MediaBox
2025-04-17 02:45:36,802 - WARNING - CropBox missing from /Page, defaulting to MediaBox
2025-04-17 02:45:36,818 - WARNING - CropBox missing from /Page, defaulting to MediaBox
2025-04-17 02:45:37,045 - WARNING - CropBox missing from /Page, defaulting to MediaBox
2025-04-17 02:45:37,091 - WARNING - CropBox missing from /Page, defaulting to MediaBox
2025-04-17 02:45:37,123 - WARNING - CropBox missing from /Page, defaulting to MediaBox
2025-04-17 02:45:37,453 - WARNING - CropBox missing from /Page, defaulting to MediaBox
2025-04-17 02:45:37,503 - WARNING - CropBox missing from /Page, defaulting to MediaBox
2025-04-17 02:45:37,556 - WARNING - CropBox missing from /Page, defaulting to MediaBox
2025-04-17 02:45:37,607 - WARNING - CropBox missing from /Page, defaulting to MediaBox
2025-04-17 02:45:37,651 - WARNING - CropBox missing from /Page, defaulting to MediaBox
2025-04-17 02:45:37,707 - WARNING - CropBox missing from /Page, defaulting to MediaBox
2025-04-17 02:45:37,803 - WARNING - CropBox missing from /Page, defaulting to MediaBox
2025-04-17 02:45:37,916 - WARNING - CropBox missing from /Page, defaulting to MediaBox
2025-04-17 02:45:37,980 - WARNING - CropBox missing from /Page, defaulting to MediaBox
2025-04-17 02:45:40,254 - WARNING - CropBox missing from /Page, defaulting to MediaBox
2025-04-17 02:45:40,305 - WARNING - CropBox missing from /Page, defaulting to MediaBox
2025-04-17 02:45:40,439 - WARNING - CropBox missing from /Page, defaulting to MediaBox
2025-04-17 02:45:40,477 - WARNING - CropBox missing from /Page, defaulting to MediaBox
2025-04-17 02:45:40,529 - WARNING - CropBox missing from /Page, defaulting to MediaBox
2025-04-17 02:45:40,646 - WARNING - CropBox missing from /Page, defaulting to MediaBox
2025-04-17 02:45:40,703 - WARNING - CropBox missing from /Page, defaulting to MediaBox
2025-04-17 02:45:40,745 - WARNING - CropBox missing from /Page, defaulting to MediaBox
2025-04-17 02:45:40,759 - WARNING - CropBox missing from /Page, defaulting to MediaBox
2025-04-17 02:45:40,786 - WARNING - CropBox missing from /Page, defaulting to MediaBox
2025-04-17 02:45:40,941 - WARNING - CropBox missing from /Page, defaulting to MediaBox
2025-04-17 02:45:41,016 - WARNING - CropBox missing from /Page, defaulting to MediaBox
2025-04-17 02:45:41,069 - WARNING - CropBox missing from /Page, defaulting to MediaBox
2025-04-17 02:45:41,267 - WARNING - CropBox missing from /Page, defaulting to MediaBox
2025-04-17 02:45:41,337 - WARNING - CropBox missing from /Page, defaulting to MediaBox
2025-04-17 02:45:41,398 - WARNING - CropBox missing from /Page, defaulting to MediaBox
2025-04-17 02:45:41,815 - WARNING - CropBox missing from /Page, defaulting to MediaBox
2025-04-17 02:45:41,861 - WARNING - CropBox missing from /Page, defaulting to MediaBox
2025-04-17 02:45:41,925 - WARNING - CropBox missing from /Page, defaulting to MediaBox
2025-04-17 02:45:41,967 - WARNING - CropBox missing from /Page, defaulting to MediaBox
2025-04-17 02:45:41,980 - WARNING - CropBox missing from /Page, defaulting to MediaBox
2025-04-17 02:45:42,083 - WARNING - CropBox missing from /Page, defaulting to MediaBox
2025-04-17 02:45:42,151 - WARNING - CropBox missing from /Page, defaulting to MediaBox
2025-04-17 02:45:42,190 - WARNING - CropBox missing from /Page, defaulting to MediaBox
2025-04-17 02:45:42,240 - WARNING - CropBox missing from /Page, defaulting to MediaBox
2025-04-17 02:45:42,313 - WARNING - CropBox missing from /Page, defaulting to MediaBox
2025-04-17 02:45:42,348 - WARNING - CropBox missing from /Page, defaulting to MediaBox
2025-04-17 02:45:42,408 - WARNING - CropBox missing from /Page, defaulting to MediaBox
2025-04-17 02:45:42,460 - WARNING - CropBox missing from /Page, defaulting to MediaBox
2025-04-17 02:45:42,537 - WARNING - CropBox missing from /Page, defaulting to MediaBox
2025-04-17 02:45:42,563 - WARNING - CropBox missing from /Page, defaulting to MediaBox
2025-04-17 02:45:42,618 - WARNING - CropBox missing from /Page, defaulting to MediaBox
2025-04-17 02:45:42,648 - WARNING - CropBox missing from /Page, defaulting to MediaBox
2025-04-17 02:45:42,692 - WARNING - CropBox missing from /Page, defaulting to MediaBox
2025-04-17 02:45:42,754 - WARNING - CropBox missing from /Page, defaulting to MediaBox
2025-04-17 02:45:42,805 - WARNING - CropBox missing from /Page, defaulting to MediaBox
2025-04-17 02:45:42,848 - WARNING - CropBox missing from /Page, defaulting to MediaBox
2025-04-17 02:45:42,881 - WARNING - CropBox missing from /Page, defaulting to MediaBox
2025-04-17 02:45:42,946 - WARNING - CropBox missing from /Page, defaulting to MediaBox
2025-04-17 02:45:42,975 - WARNING - CropBox missing from /Page, defaulting to MediaBox
2025-04-17 02:45:43,063 - INFO - [✅] 成功提取：teva_2023_esg
2025-04-17 02:45:43,063 - INFO - [📄] 文本输出至：D:\其他\Project5105\src\data\esg_extract_text_txt\teva_2023_esg_text.txt
2025-04-17 02:45:43,063 - INFO - [📊] 表格输出至：D:\其他\Project5105\src\data\esg_extract_table_json\teva_2023_esg_tables.json
